{
  "RSpec": {
    "coverage": {
      "/home/larchenkov/Рабочий стол/projects/fun_translations/lib/fun_translations.rb": {
        "lines": [
          null,
          null,
          1,
          1,
          1,
          null,
          1,
          1,
          null,
          1,
          1,
          7,
          null,
          null
        ]
      },
      "/home/larchenkov/Рабочий стол/projects/fun_translations/lib/fun_translations/client.rb": {
        "lines": [
          null,
          null,
          1,
          1,
          1,
          1,
          null,
          1,
          7,
          null,
          null,
          1,
          3,
          null,
          null,
          null,
          null,
          null
        ]
      },
      "/home/larchenkov/Рабочий стол/projects/fun_translations/lib/fun_translations/request.rb": {
        "lines": [
          null,
          null,
          1,
          1,
          1,
          null,
          1,
          6,
          null,
          null,
          null,
          null,
          1,
          null,
          1,
          6,
          0,
          null,
          6,
          null,
          null,
          6,
          null,
          3,
          null,
          null,
          1,
          3,
          null,
          2,
          null,
          null,
          null
        ]
      },
      "/home/larchenkov/Рабочий стол/projects/fun_translations/lib/fun_translations/connection.rb": {
        "lines": [
          null,
          null,
          1,
          1,
          1,
          null,
          1,
          6,
          6,
          6,
          null,
          null,
          null,
          1,
          null,
          1,
          null,
          6,
          null,
          null,
          null,
          null,
          6,
          null,
          null,
          6,
          null,
          null,
          null,
          null,
          null
        ]
      },
      "/home/larchenkov/Рабочий стол/projects/fun_translations/lib/fun_translations/error.rb": {
        "lines": [
          null,
          null,
          1,
          null,
          null,
          null,
          null,
          null,
          null,
          null,
          1,
          1,
          1,
          null,
          1,
          1,
          1,
          1,
          1,
          1,
          1,
          1,
          1,
          null,
          1,
          1,
          1,
          1,
          null,
          null,
          1,
          null,
          null,
          null,
          null,
          null,
          null,
          null,
          null,
          null,
          null,
          null,
          null,
          null,
          null,
          1,
          3,
          3,
          null,
          null,
          null
        ]
      },
      "/home/larchenkov/Рабочий стол/projects/fun_translations/lib/fun_translations/version.rb": {
        "lines": [
          null,
          null,
          1,
          1,
          null
        ]
      },
      "/home/larchenkov/Рабочий стол/projects/fun_translations/lib/fun_translations/translation.rb": {
        "lines": [
          null,
          null,
          1,
          1,
          1,
          null,
          1,
          3,
          1,
          null,
          2,
          null,
          3,
          3,
          3,
          3,
          null,
          null,
          null
        ]
      }
    },
    "timestamp": 1680200310
  }
}
